<?xml version="1.0" encoding="UTF-8"?>
<!-- Generated by org.testng.reporters.JUnitReportReporter -->
<testsuite name="com.Google.testcases.GoogleTestCases" tests="8" time="38.967" ignored="0" failures="1" timestamp="04 Sep 2018 12:39:57 GMT" skipped="0" hostname="sov-2.local" errors="0">
  <testcase name="verifyMapsTabSearchResult" time="14.315" classname="com.Google.testcases.GoogleTestCases"/>
  <testcase name="verifyVideosTabSearchResult" time="0.405" classname="com.Google.testcases.GoogleTestCases">
    <failure type="java.lang.AssertionError" message="videos Search Failed!!!">
      <![CDATA[java.lang.AssertionError: videos Search Failed!!!
	at org.testng.Assert.fail(Assert.java:94)
	at com.Google.testcases.GoogleTestCases.verifyVideosTabSearchResult(GoogleTestCases.java:146)
	at sun.reflect.NativeMethodAccessorImpl.invoke0(Native Method)
	at sun.reflect.NativeMethodAccessorImpl.invoke(NativeMethodAccessorImpl.java:62)
	at sun.reflect.DelegatingMethodAccessorImpl.invoke(DelegatingMethodAccessorImpl.java:43)
	at java.lang.reflect.Method.invoke(Method.java:498)
	at org.testng.internal.MethodInvocationHelper.invokeMethod(MethodInvocationHelper.java:104)
	at org.testng.internal.Invoker.invokeMethod(Invoker.java:645)
	at org.testng.internal.Invoker.invokeTestMethod(Invoker.java:851)
	at org.testng.internal.Invoker.invokeTestMethods(Invoker.java:1177)
	at org.testng.internal.TestMethodWorker.invokeTestMethods(TestMethodWorker.java:129)
	at org.testng.internal.TestMethodWorker.run(TestMethodWorker.java:112)
	at org.testng.TestRunner.privateRun(TestRunner.java:756)
	at org.testng.TestRunner.run(TestRunner.java:610)
	at org.testng.SuiteRunner.runTest(SuiteRunner.java:387)
	at org.testng.SuiteRunner.runSequentially(SuiteRunner.java:382)
	at org.testng.SuiteRunner.privateRun(SuiteRunner.java:340)
	at org.testng.SuiteRunner.run(SuiteRunner.java:289)
	at org.testng.SuiteRunnerWorker.runSuite(SuiteRunnerWorker.java:52)
	at org.testng.SuiteRunnerWorker.run(SuiteRunnerWorker.java:86)
	at org.testng.TestNG.runSuitesSequentially(TestNG.java:1293)
	at org.testng.TestNG.runSuitesLocally(TestNG.java:1218)
	at org.testng.TestNG.runSuites(TestNG.java:1133)
	at org.testng.TestNG.run(TestNG.java:1104)
	at org.testng.remote.AbstractRemoteTestNG.run(AbstractRemoteTestNG.java:114)
	at org.testng.remote.RemoteTestNG.initAndRun(RemoteTestNG.java:251)
	at org.testng.remote.RemoteTestNG.main(RemoteTestNG.java:77)
]]>
    </failure>
  </testcase> <!-- verifyVideosTabSearchResult -->
  <testcase name="verifyImagesTabSearchResult" time="2.002" classname="com.Google.testcases.GoogleTestCases"/>
  <testcase name="verifyGoogleSearchValidString" time="3.655" classname="com.Google.testcases.GoogleTestCases"/>
  <testcase name="verifyIAmFeelingLuckyLink" time="1.152" classname="com.Google.testcases.GoogleTestCases"/>
  <testcase name="verifyGoogleSearchInvalidString" time="11.371" classname="com.Google.testcases.GoogleTestCases"/>
  <testcase name="verifyNewsTabSearchResult" time="1.993" classname="com.Google.testcases.GoogleTestCases"/>
  <testcase name="verifySearchResultsClickFirstLink" time="4.074" classname="com.Google.testcases.GoogleTestCases"/>
</testsuite> <!-- com.Google.testcases.GoogleTestCases -->
